# JRE version: Java(TM) SE Runtime Environment (8.0_181-b13) (build 1.8.0_181-b13)
# Java VM: Java HotSpot(TM) 64-Bit Server VM (25.181-b13 mixed mode windows-amd64 compressed oops)
Heap:
 PSYoungGen      total 14336K, used 4632K [0x00000000f5600000, 0x00000000f7700000, 0x0000000100000000)
  eden space 11776K, 22% used [0x00000000f5600000,0x00000000f5888e40,0x00000000f6180000)
  from space 2560K, 79% used [0x00000000f6180000,0x00000000f637d448,0x00000000f6400000)
  to   space 5120K, 0% used [0x00000000f7200000,0x00000000f7200000,0x00000000f7700000)
 ParOldGen       total 12800K, used 6450K [0x00000000e0200000, 0x00000000e0e80000, 0x00000000f5600000)
  object space 12800K, 50% used [0x00000000e0200000,0x00000000e084c948,0x00000000e0e80000)
 Metaspace       used 7771K, capacity 8564K, committed 8704K, reserved 1056768K
  class space    used 916K, capacity 944K, committed 1024K, reserved 1048576K
GC Heap History (10 events):
Event: 1.687 GC heap before
{Heap before GC invocations=4 (full 0):
 PSYoungGen      total 3584K, used 3583K [0x00000000f5600000, 0x00000000f5d00000, 0x0000000100000000)
  eden space 3072K, 100% used [0x00000000f5600000,0x00000000f5900000,0x00000000f5900000)
  from space 512K, 99% used [0x00000000f5900000,0x00000000f597fc20,0x00000000f5980000)
  to   space 512K, 0% used [0x00000000f5c80000,0x00000000f5c80000,0x00000000f5d00000)
 ParOldGen       total 5632K, used 568K [0x00000000e0200000, 0x00000000e0780000, 0x00000000f5600000)
  object space 5632K, 10% used [0x00000000e0200000,0x00000000e028e070,0x00000000e0780000)
 Metaspace       used 6162K, capacity 7280K, committed 7552K, reserved 1056768K
  class space    used 779K, capacity 812K, committed 896K, reserved 1048576K
Event: 1.690 GC heap after
Heap after GC invocations=4 (full 0):
 PSYoungGen      total 6656K, used 480K [0x00000000f5600000, 0x00000000f5d00000, 0x0000000100000000)
  eden space 6144K, 0% used [0x00000000f5600000,0x00000000f5600000,0x00000000f5c00000)
  from space 512K, 93% used [0x00000000f5c80000,0x00000000f5cf8010,0x00000000f5d00000)
  to   space 512K, 0% used [0x00000000f5c00000,0x00000000f5c00000,0x00000000f5c80000)
 ParOldGen       total 5632K, used 909K [0x00000000e0200000, 0x00000000e0780000, 0x00000000f5600000)
  object space 5632K, 16% used [0x00000000e0200000,0x00000000e02e3570,0x00000000e0780000)
 Metaspace       used 6162K, capacity 7280K, committed 7552K, reserved 1056768K
  class space    used 779K, capacity 812K, committed 896K, reserved 1048576K
}
Event: 2.359 GC heap before
{Heap before GC invocations=5 (full 0):
 PSYoungGen      total 6656K, used 6624K [0x00000000f5600000, 0x00000000f5d00000, 0x0000000100000000)
  eden space 6144K, 100% used [0x00000000f5600000,0x00000000f5c00000,0x00000000f5c00000)
  from space 512K, 93% used [0x00000000f5c80000,0x00000000f5cf8010,0x00000000f5d00000)
  to   space 512K, 0% used [0x00000000f5c00000,0x00000000f5c00000,0x00000000f5c80000)
 ParOldGen       total 5632K, used 909K [0x00000000e0200000, 0x00000000e0780000, 0x00000000f5600000)
  object space 5632K, 16% used [0x00000000e0200000,0x00000000e02e3570,0x00000000e0780000)
 Metaspace       used 7358K, capacity 8308K, committed 8448K, reserved 1056768K
  class space    used 890K, capacity 944K, committed 1024K, reserved 1048576K
Event: 2.376 GC heap after
Heap after GC invocations=5 (full 0):
 PSYoungGen      total 6656K, used 488K [0x00000000f5600000, 0x00000000f6600000, 0x0000000100000000)
  eden space 6144K, 0% used [0x00000000f5600000,0x00000000f5600000,0x00000000f5c00000)
  from space 512K, 95% used [0x00000000f5c00000,0x00000000f5c7a3b8,0x00000000f5c80000)
  to   space 2048K, 0% used [0x00000000f6400000,0x00000000f6400000,0x00000000f6600000)
 ParOldGen       total 5632K, used 2285K [0x00000000e0200000, 0x00000000e0780000, 0x00000000f5600000)
  object space 5632K, 40% used [0x00000000e0200000,0x00000000e043b5a0,0x00000000e0780000)
 Metaspace       used 7358K, capacity 8308K, committed 8448K, reserved 1056768K
  class space    used 890K, capacity 944K, committed 1024K, reserved 1048576K
}
Event: 2.689 GC heap before
{Heap before GC invocations=6 (full 0):
 PSYoungGen      total 6656K, used 5658K [0x00000000f5600000, 0x00000000f6600000, 0x0000000100000000)
  eden space 6144K, 84% used [0x00000000f5600000,0x00000000f5b0c740,0x00000000f5c00000)
  from space 512K, 95% used [0x00000000f5c00000,0x00000000f5c7a3b8,0x00000000f5c80000)
  to   space 2048K, 0% used [0x00000000f6400000,0x00000000f6400000,0x00000000f6600000)
 ParOldGen       total 5632K, used 2285K [0x00000000e0200000, 0x00000000e0780000, 0x00000000f5600000)
  object space 5632K, 40% used [0x00000000e0200000,0x00000000e043b5a0,0x00000000e0780000)
 Metaspace       used 7509K, capacity 8372K, committed 8704K, reserved 1056768K
  class space    used 899K, capacity 944K, committed 1024K, reserved 1048576K
Event: 2.728 GC heap after
Heap after GC invocations=6 (full 0):
 PSYoungGen      total 13824K, used 2017K [0x00000000f5600000, 0x00000000f6700000, 0x0000000100000000)
  eden space 11776K, 0% used [0x00000000f5600000,0x00000000f5600000,0x00000000f6180000)
  from space 2048K, 98% used [0x00000000f6400000,0x00000000f65f8508,0x00000000f6600000)
  to   space 2560K, 0% used [0x00000000f6180000,0x00000000f6180000,0x00000000f6400000)
 ParOldGen       total 5632K, used 2452K [0x00000000e0200000, 0x00000000e0780000, 0x00000000f5600000)
  object space 5632K, 43% used [0x00000000e0200000,0x00000000e0465310,0x00000000e0780000)
 Metaspace       used 7509K, capacity 8372K, committed 8704K, reserved 1056768K
  class space    used 899K, capacity 944K, committed 1024K, reserved 1048576K
}
Event: 3.325 GC heap before
{Heap before GC invocations=7 (full 0):
 PSYoungGen      total 13824K, used 13793K [0x00000000f5600000, 0x00000000f6700000, 0x0000000100000000)
  eden space 11776K, 100% used [0x00000000f5600000,0x00000000f6180000,0x00000000f6180000)
  from space 2048K, 98% used [0x00000000f6400000,0x00000000f65f8508,0x00000000f6600000)
  to   space 2560K, 0% used [0x00000000f6180000,0x00000000f6180000,0x00000000f6400000)
 ParOldGen       total 5632K, used 2452K [0x00000000e0200000, 0x00000000e0780000, 0x00000000f5600000)
  object space 5632K, 43% used [0x00000000e0200000,0x00000000e0465310,0x00000000e0780000)
 Metaspace       used 7684K, capacity 8500K, committed 8704K, reserved 1056768K
  class space    used 910K, capacity 944K, committed 1024K, reserved 1048576K
Event: 3.364 GC heap after
Heap after GC invocations=7 (full 0):
 PSYoungGen      total 14336K, used 2551K [0x00000000f5600000, 0x00000000f7700000, 0x0000000100000000)
  eden space 11776K, 0% used [0x00000000f5600000,0x00000000f5600000,0x00000000f6180000)
  from space 2560K, 99% used [0x00000000f6180000,0x00000000f63fde78,0x00000000f6400000)
  to   space 5120K, 0% used [0x00000000f7200000,0x00000000f7200000,0x00000000f7700000)
 ParOldGen       total 6656K, used 6263K [0x00000000e0200000, 0x00000000e0880000, 0x00000000f5600000)
  object space 6656K, 94% used [0x00000000e0200000,0x00000000e081ded8,0x00000000e0880000)
 Metaspace       used 7684K, capacity 8500K, committed 8704K, reserved 1056768K
  class space    used 910K, capacity 944K, committed 1024K, reserved 1048576K
}
Event: 3.364 GC heap before
{Heap before GC invocations=8 (full 1):
 PSYoungGen      total 14336K, used 2551K [0x00000000f5600000, 0x00000000f7700000, 0x0000000100000000)
  eden space 11776K, 0% used [0x00000000f5600000,0x00000000f5600000,0x00000000f6180000)
  from space 2560K, 99% used [0x00000000f6180000,0x00000000f63fde78,0x00000000f6400000)
  to   space 5120K, 0% used [0x00000000f7200000,0x00000000f7200000,0x00000000f7700000)
 ParOldGen       total 6656K, used 6263K [0x00000000e0200000, 0x00000000e0880000, 0x00000000f5600000)
  object space 6656K, 94% used [0x00000000e0200000,0x00000000e081ded8,0x00000000e0880000)
 Metaspace       used 7684K, capacity 8500K, committed 8704K, reserved 1056768K
  class space    used 910K, capacity 944K, committed 1024K, reserved 1048576K
Event: 3.738 GC heap after
Heap after GC invocations=8 (full 1):
 PSYoungGen      total 14336K, used 2037K [0x00000000f5600000, 0x00000000f7700000, 0x0000000100000000)
  eden space 11776K, 0% used [0x00000000f5600000,0x00000000f5600000,0x00000000f6180000)
  from space 2560K, 79% used [0x00000000f6180000,0x00000000f637d448,0x00000000f6400000)
  to   space 5120K, 0% used [0x00000000f7200000,0x00000000f7200000,0x00000000f7700000)
 ParOldGen       total 12800K, used 6450K [0x00000000e0200000, 0x00000000e0e80000, 0x00000000f5600000)
  object space 12800K, 50% used [0x00000000e0200000,0x00000000e084c948,0x00000000e0e80000)
 Metaspace       used 7684K, capacity 8500K, committed 8704K, reserved 1056768K
  class space    used 910K, capacity 944K, committed 1024K, reserved 1048576K
}

