# JRE version: Java(TM) SE Runtime Environment (8.0_181-b13) (build 1.8.0_181-b13)
# Java VM: Java HotSpot(TM) 64-Bit Server VM (25.181-b13 mixed mode windows-amd64 compressed oops)
Heap:
 PSYoungGen      total 93696K, used 92576K [0x00000000f5600000, 0x00000000fd800000, 0x0000000100000000)
  eden space 92160K, 100% used [0x00000000f5600000,0x00000000fb000000,0x00000000fb000000)
  from space 1536K, 27% used [0x00000000fd500000,0x00000000fd568000,0x00000000fd680000)
  to   space 1536K, 83% used [0x00000000fd680000,0x00000000fd7c0000,0x00000000fd800000)
 ParOldGen       total 29184K, used 14485K [0x00000000e0200000, 0x00000000e1e80000, 0x00000000f5600000)
  object space 29184K, 49% used [0x00000000e0200000,0x00000000e1025570,0x00000000e1e80000)
 Metaspace       used 15301K, capacity 15518K, committed 15872K, reserved 1062912K
  class space    used 1857K, capacity 1933K, committed 2048K, reserved 1048576K
GC Heap History (10 events):
Event: 5208.266 GC heap after
Heap after GC invocations=10499 (full 44):
 PSYoungGen      total 109056K, used 448K [0x00000000f5600000, 0x00000000fda00000, 0x0000000100000000)
  eden space 107520K, 0% used [0x00000000f5600000,0x00000000f5600000,0x00000000fbf00000)
  from space 1536K, 29% used [0x00000000fd700000,0x00000000fd770000,0x00000000fd880000)
  to   space 1536K, 0% used [0x00000000fd880000,0x00000000fd880000,0x00000000fda00000)
 ParOldGen       total 29184K, used 13747K [0x00000000e0200000, 0x00000000e1e80000, 0x00000000f5600000)
  object space 29184K, 47% used [0x00000000e0200000,0x00000000e0f6cda8,0x00000000e1e80000)
 Metaspace       used 15301K, capacity 15518K, committed 15872K, reserved 1062912K
  class space    used 1857K, capacity 1933K, committed 2048K, reserved 1048576K
}
Event: 5209.434 GC heap before
{Heap before GC invocations=10500 (full 44):
 PSYoungGen      total 109056K, used 107968K [0x00000000f5600000, 0x00000000fda00000, 0x0000000100000000)
  eden space 107520K, 100% used [0x00000000f5600000,0x00000000fbf00000,0x00000000fbf00000)
  from space 1536K, 29% used [0x00000000fd700000,0x00000000fd770000,0x00000000fd880000)
  to   space 1536K, 0% used [0x00000000fd880000,0x00000000fd880000,0x00000000fda00000)
 ParOldGen       total 29184K, used 13747K [0x00000000e0200000, 0x00000000e1e80000, 0x00000000f5600000)
  object space 29184K, 47% used [0x00000000e0200000,0x00000000e0f6cda8,0x00000000e1e80000)
 Metaspace       used 15301K, capacity 15518K, committed 15872K, reserved 1062912K
  class space    used 1857K, capacity 1933K, committed 2048K, reserved 1048576K
Event: 5209.439 GC heap after
Heap after GC invocations=10500 (full 44):
 PSYoungGen      total 103936K, used 448K [0x00000000f5600000, 0x00000000fd900000, 0x0000000100000000)
  eden space 103424K, 0% used [0x00000000f5600000,0x00000000f5600000,0x00000000fbb00000)
  from space 512K, 87% used [0x00000000fd880000,0x00000000fd8f0000,0x00000000fd900000)
  to   space 1536K, 0% used [0x00000000fd600000,0x00000000fd600000,0x00000000fd780000)
 ParOldGen       total 29184K, used 13786K [0x00000000e0200000, 0x00000000e1e80000, 0x00000000f5600000)
  object space 29184K, 47% used [0x00000000e0200000,0x00000000e0f76948,0x00000000e1e80000)
 Metaspace       used 15301K, capacity 15518K, committed 15872K, reserved 1062912K
  class space    used 1857K, capacity 1933K, committed 2048K, reserved 1048576K
}
Event: 5210.556 GC heap before
{Heap before GC invocations=10501 (full 44):
 PSYoungGen      total 103936K, used 103872K [0x00000000f5600000, 0x00000000fd900000, 0x0000000100000000)
  eden space 103424K, 100% used [0x00000000f5600000,0x00000000fbb00000,0x00000000fbb00000)
  from space 512K, 87% used [0x00000000fd880000,0x00000000fd8f0000,0x00000000fd900000)
  to   space 1536K, 0% used [0x00000000fd600000,0x00000000fd600000,0x00000000fd780000)
 ParOldGen       total 29184K, used 13786K [0x00000000e0200000, 0x00000000e1e80000, 0x00000000f5600000)
  object space 29184K, 47% used [0x00000000e0200000,0x00000000e0f76948,0x00000000e1e80000)
 Metaspace       used 15301K, capacity 15518K, committed 15872K, reserved 1062912K
  class space    used 1857K, capacity 1933K, committed 2048K, reserved 1048576K
Event: 5210.561 GC heap after
Heap after GC invocations=10501 (full 44):
 PSYoungGen      total 100864K, used 448K [0x00000000f5600000, 0x00000000fd900000, 0x0000000100000000)
  eden space 99328K, 0% used [0x00000000f5600000,0x00000000f5600000,0x00000000fb700000)
  from space 1536K, 29% used [0x00000000fd600000,0x00000000fd670000,0x00000000fd780000)
  to   space 1536K, 0% used [0x00000000fd780000,0x00000000fd780000,0x00000000fd900000)
 ParOldGen       total 29184K, used 13813K [0x00000000e0200000, 0x00000000e1e80000, 0x00000000f5600000)
  object space 29184K, 47% used [0x00000000e0200000,0x00000000e0f7d718,0x00000000e1e80000)
 Metaspace       used 15301K, capacity 15518K, committed 15872K, reserved 1062912K
  class space    used 1857K, capacity 1933K, committed 2048K, reserved 1048576K
}
Event: 5211.631 GC heap before
{Heap before GC invocations=10502 (full 44):
 PSYoungGen      total 100864K, used 99776K [0x00000000f5600000, 0x00000000fd900000, 0x0000000100000000)
  eden space 99328K, 100% used [0x00000000f5600000,0x00000000fb700000,0x00000000fb700000)
  from space 1536K, 29% used [0x00000000fd600000,0x00000000fd670000,0x00000000fd780000)
  to   space 1536K, 0% used [0x00000000fd780000,0x00000000fd780000,0x00000000fd900000)
 ParOldGen       total 29184K, used 13813K [0x00000000e0200000, 0x00000000e1e80000, 0x00000000f5600000)
  object space 29184K, 47% used [0x00000000e0200000,0x00000000e0f7d730,0x00000000e1e80000)
 Metaspace       used 15301K, capacity 15518K, committed 15872K, reserved 1062912K
  class space    used 1857K, capacity 1933K, committed 2048K, reserved 1048576K
Event: 5211.636 GC heap after
Heap after GC invocations=10502 (full 44):
 PSYoungGen      total 96256K, used 448K [0x00000000f5600000, 0x00000000fd800000, 0x0000000100000000)
  eden space 95744K, 0% used [0x00000000f5600000,0x00000000f5600000,0x00000000fb380000)
  from space 512K, 87% used [0x00000000fd780000,0x00000000fd7f0000,0x00000000fd800000)
  to   space 1536K, 0% used [0x00000000fd500000,0x00000000fd500000,0x00000000fd680000)
 ParOldGen       total 29184K, used 13841K [0x00000000e0200000, 0x00000000e1e80000, 0x00000000f5600000)
  object space 29184K, 47% used [0x00000000e0200000,0x00000000e0f84500,0x00000000e1e80000)
 Metaspace       used 15301K, capacity 15518K, committed 15872K, reserved 1062912K
  class space    used 1857K, capacity 1933K, committed 2048K, reserved 1048576K
}
Event: 5212.661 GC heap before
{Heap before GC invocations=10503 (full 44):
 PSYoungGen      total 96256K, used 96192K [0x00000000f5600000, 0x00000000fd800000, 0x0000000100000000)
  eden space 95744K, 100% used [0x00000000f5600000,0x00000000fb380000,0x00000000fb380000)
  from space 512K, 87% used [0x00000000fd780000,0x00000000fd7f0000,0x00000000fd800000)
  to   space 1536K, 0% used [0x00000000fd500000,0x00000000fd500000,0x00000000fd680000)
 ParOldGen       total 29184K, used 13843K [0x00000000e0200000, 0x00000000e1e80000, 0x00000000f5600000)
  object space 29184K, 47% used [0x00000000e0200000,0x00000000e0f84c00,0x00000000e1e80000)
 Metaspace       used 15301K, capacity 15518K, committed 15872K, reserved 1062912K
  class space    used 1857K, capacity 1933K, committed 2048K, reserved 1048576K
Event: 5212.666 GC heap after
Heap after GC invocations=10503 (full 44):
 PSYoungGen      total 93696K, used 416K [0x00000000f5600000, 0x00000000fd800000, 0x0000000100000000)
  eden space 92160K, 0% used [0x00000000f5600000,0x00000000f5600000,0x00000000fb000000)
  from space 1536K, 27% used [0x00000000fd500000,0x00000000fd568000,0x00000000fd680000)
  to   space 1536K, 0% used [0x00000000fd680000,0x00000000fd680000,0x00000000fd800000)
 ParOldGen       total 29184K, used 13881K [0x00000000e0200000, 0x00000000e1e80000, 0x00000000f5600000)
  object space 29184K, 47% used [0x00000000e0200000,0x00000000e0f8e7a0,0x00000000e1e80000)
 Metaspace       used 15301K, capacity 15518K, committed 15872K, reserved 1062912K
  class space    used 1857K, capacity 1933K, committed 2048K, reserved 1048576K
}
Event: 5213.651 GC heap before
{Heap before GC invocations=10504 (full 44):
 PSYoungGen      total 93696K, used 92576K [0x00000000f5600000, 0x00000000fd800000, 0x0000000100000000)
  eden space 92160K, 100% used [0x00000000f5600000,0x00000000fb000000,0x00000000fb000000)
  from space 1536K, 27% used [0x00000000fd500000,0x00000000fd568000,0x00000000fd680000)
  to   space 1536K, 0% used [0x00000000fd680000,0x00000000fd680000,0x00000000fd800000)
 ParOldGen       total 29184K, used 13881K [0x00000000e0200000, 0x00000000e1e80000, 0x00000000f5600000)
  object space 29184K, 47% used [0x00000000e0200000,0x00000000e0f8e7a0,0x00000000e1e80000)
 Metaspace       used 15301K, capacity 15518K, committed 15872K, reserved 1062912K
  class space    used 1857K, capacity 1933K, committed 2048K, reserved 1048576K

