# JRE version: Java(TM) SE Runtime Environment (8.0_181-b13) (build 1.8.0_181-b13)
# Java VM: Java HotSpot(TM) 64-Bit Server VM (25.181-b13 mixed mode windows-amd64 compressed oops)
Heap:
 PSYoungGen      total 13824K, used 13808K [0x00000000f5600000, 0x00000000f6700000, 0x0000000100000000)
  eden space 11776K, 100% used [0x00000000f5600000,0x00000000f6180000,0x00000000f6180000)
  from space 2048K, 99% used [0x00000000f6400000,0x00000000f65fc048,0x00000000f6600000)
  to   space 2560K, 99% used [0x00000000f6180000,0x00000000f63fe490,0x00000000f6400000)
 ParOldGen       total 8192K, used 8055K [0x00000000e0200000, 0x00000000e0a00000, 0x00000000f5600000)
  object space 8192K, 98% used [0x00000000e0200000,0x00000000e09ddc30,0x00000000e0a00000)
 Metaspace       used 7659K, capacity 8436K, committed 8704K, reserved 1056768K
  class space    used 910K, capacity 944K, committed 1024K, reserved 1048576K
GC Heap History (10 events):
Event: 0.654 GC heap after
Heap after GC invocations=2 (full 0):
 PSYoungGen      total 3584K, used 496K [0x00000000f5600000, 0x00000000f5a00000, 0x0000000100000000)
  eden space 3072K, 0% used [0x00000000f5600000,0x00000000f5600000,0x00000000f5900000)
  from space 512K, 96% used [0x00000000f5980000,0x00000000f59fc010,0x00000000f5a00000)
  to   space 512K, 0% used [0x00000000f5900000,0x00000000f5900000,0x00000000f5980000)
 ParOldGen       total 5632K, used 56K [0x00000000e0200000, 0x00000000e0780000, 0x00000000f5600000)
  object space 5632K, 0% used [0x00000000e0200000,0x00000000e020e000,0x00000000e0780000)
 Metaspace       used 4139K, capacity 5388K, committed 5760K, reserved 1056768K
  class space    used 489K, capacity 520K, committed 640K, reserved 1048576K
}
Event: 0.894 GC heap before
{Heap before GC invocations=3 (full 0):
 PSYoungGen      total 3584K, used 3538K [0x00000000f5600000, 0x00000000f5a00000, 0x0000000100000000)
  eden space 3072K, 99% used [0x00000000f5600000,0x00000000f58f8900,0x00000000f5900000)
  from space 512K, 96% used [0x00000000f5980000,0x00000000f59fc010,0x00000000f5a00000)
  to   space 512K, 0% used [0x00000000f5900000,0x00000000f5900000,0x00000000f5980000)
 ParOldGen       total 5632K, used 56K [0x00000000e0200000, 0x00000000e0780000, 0x00000000f5600000)
  object space 5632K, 0% used [0x00000000e0200000,0x00000000e020e000,0x00000000e0780000)
 Metaspace       used 5112K, capacity 6284K, committed 6656K, reserved 1056768K
  class space    used 625K, capacity 648K, committed 768K, reserved 1048576K
Event: 1.039 GC heap after
Heap after GC invocations=3 (full 0):
 PSYoungGen      total 3584K, used 511K [0x00000000f5600000, 0x00000000f5d00000, 0x0000000100000000)
  eden space 3072K, 0% used [0x00000000f5600000,0x00000000f5600000,0x00000000f5900000)
  from space 512K, 99% used [0x00000000f5900000,0x00000000f597fc20,0x00000000f5980000)
  to   space 512K, 0% used [0x00000000f5c80000,0x00000000f5c80000,0x00000000f5d00000)
 ParOldGen       total 5632K, used 560K [0x00000000e0200000, 0x00000000e0780000, 0x00000000f5600000)
  object space 5632K, 9% used [0x00000000e0200000,0x00000000e028c338,0x00000000e0780000)
 Metaspace       used 5112K, capacity 6284K, committed 6656K, reserved 1056768K
  class space    used 625K, capacity 648K, committed 768K, reserved 1048576K
}
Event: 1.368 GC heap before
{Heap before GC invocations=4 (full 0):
 PSYoungGen      total 3584K, used 3583K [0x00000000f5600000, 0x00000000f5d00000, 0x0000000100000000)
  eden space 3072K, 100% used [0x00000000f5600000,0x00000000f5900000,0x00000000f5900000)
  from space 512K, 99% used [0x00000000f5900000,0x00000000f597fc20,0x00000000f5980000)
  to   space 512K, 0% used [0x00000000f5c80000,0x00000000f5c80000,0x00000000f5d00000)
 ParOldGen       total 5632K, used 560K [0x00000000e0200000, 0x00000000e0780000, 0x00000000f5600000)
  object space 5632K, 9% used [0x00000000e0200000,0x00000000e028c338,0x00000000e0780000)
 Metaspace       used 6181K, capacity 7280K, committed 7552K, reserved 1056768K
  class space    used 779K, capacity 812K, committed 896K, reserved 1048576K
Event: 1.371 GC heap after
Heap after GC invocations=4 (full 0):
 PSYoungGen      total 6656K, used 496K [0x00000000f5600000, 0x00000000f5d00000, 0x0000000100000000)
  eden space 6144K, 0% used [0x00000000f5600000,0x00000000f5600000,0x00000000f5c00000)
  from space 512K, 96% used [0x00000000f5c80000,0x00000000f5cfc020,0x00000000f5d00000)
  to   space 512K, 0% used [0x00000000f5c00000,0x00000000f5c00000,0x00000000f5c80000)
 ParOldGen       total 5632K, used 880K [0x00000000e0200000, 0x00000000e0780000, 0x00000000f5600000)
  object space 5632K, 15% used [0x00000000e0200000,0x00000000e02dc338,0x00000000e0780000)
 Metaspace       used 6181K, capacity 7280K, committed 7552K, reserved 1056768K
  class space    used 779K, capacity 812K, committed 896K, reserved 1048576K
}
Event: 1.759 GC heap before
{Heap before GC invocations=5 (full 0):
 PSYoungGen      total 6656K, used 6640K [0x00000000f5600000, 0x00000000f5d00000, 0x0000000100000000)
  eden space 6144K, 100% used [0x00000000f5600000,0x00000000f5c00000,0x00000000f5c00000)
  from space 512K, 96% used [0x00000000f5c80000,0x00000000f5cfc020,0x00000000f5d00000)
  to   space 512K, 0% used [0x00000000f5c00000,0x00000000f5c00000,0x00000000f5c80000)
 ParOldGen       total 5632K, used 880K [0x00000000e0200000, 0x00000000e0780000, 0x00000000f5600000)
  object space 5632K, 15% used [0x00000000e0200000,0x00000000e02dc338,0x00000000e0780000)
 Metaspace       used 7320K, capacity 8244K, committed 8448K, reserved 1056768K
  class space    used 890K, capacity 944K, committed 1024K, reserved 1048576K
Event: 1.772 GC heap after
Heap after GC invocations=5 (full 0):
 PSYoungGen      total 6656K, used 496K [0x00000000f5600000, 0x00000000f6600000, 0x0000000100000000)
  eden space 6144K, 0% used [0x00000000f5600000,0x00000000f5600000,0x00000000f5c00000)
  from space 512K, 96% used [0x00000000f5c00000,0x00000000f5c7c020,0x00000000f5c80000)
  to   space 2048K, 0% used [0x00000000f6400000,0x00000000f6400000,0x00000000f6600000)
 ParOldGen       total 5632K, used 2298K [0x00000000e0200000, 0x00000000e0780000, 0x00000000f5600000)
  object space 5632K, 40% used [0x00000000e0200000,0x00000000e043eb58,0x00000000e0780000)
 Metaspace       used 7320K, capacity 8244K, committed 8448K, reserved 1056768K
  class space    used 890K, capacity 944K, committed 1024K, reserved 1048576K
}
Event: 1.953 GC heap before
{Heap before GC invocations=6 (full 0):
 PSYoungGen      total 6656K, used 6249K [0x00000000f5600000, 0x00000000f6600000, 0x0000000100000000)
  eden space 6144K, 93% used [0x00000000f5600000,0x00000000f5b9e6e8,0x00000000f5c00000)
  from space 512K, 96% used [0x00000000f5c00000,0x00000000f5c7c020,0x00000000f5c80000)
  to   space 2048K, 0% used [0x00000000f6400000,0x00000000f6400000,0x00000000f6600000)
 ParOldGen       total 5632K, used 2298K [0x00000000e0200000, 0x00000000e0780000, 0x00000000f5600000)
  object space 5632K, 40% used [0x00000000e0200000,0x00000000e043eb58,0x00000000e0780000)
 Metaspace       used 7490K, capacity 8308K, committed 8448K, reserved 1056768K
  class space    used 899K, capacity 944K, committed 1024K, reserved 1048576K
Event: 1.975 GC heap after
Heap after GC invocations=6 (full 0):
 PSYoungGen      total 13824K, used 2032K [0x00000000f5600000, 0x00000000f6700000, 0x0000000100000000)
  eden space 11776K, 0% used [0x00000000f5600000,0x00000000f5600000,0x00000000f6180000)
  from space 2048K, 99% used [0x00000000f6400000,0x00000000f65fc048,0x00000000f6600000)
  to   space 2560K, 0% used [0x00000000f6180000,0x00000000f6180000,0x00000000f6400000)
 ParOldGen       total 5632K, used 2658K [0x00000000e0200000, 0x00000000e0780000, 0x00000000f5600000)
  object space 5632K, 47% used [0x00000000e0200000,0x00000000e04988c8,0x00000000e0780000)
 Metaspace       used 7490K, capacity 8308K, committed 8448K, reserved 1056768K
  class space    used 899K, capacity 944K, committed 1024K, reserved 1048576K
}
Event: 2.300 GC heap before
{Heap before GC invocations=7 (full 0):
 PSYoungGen      total 13824K, used 13808K [0x00000000f5600000, 0x00000000f6700000, 0x0000000100000000)
  eden space 11776K, 100% used [0x00000000f5600000,0x00000000f6180000,0x00000000f6180000)
  from space 2048K, 99% used [0x00000000f6400000,0x00000000f65fc048,0x00000000f6600000)
  to   space 2560K, 0% used [0x00000000f6180000,0x00000000f6180000,0x00000000f6400000)
 ParOldGen       total 5632K, used 2658K [0x00000000e0200000, 0x00000000e0780000, 0x00000000f5600000)
  object space 5632K, 47% used [0x00000000e0200000,0x00000000e04988c8,0x00000000e0780000)
 Metaspace       used 7659K, capacity 8436K, committed 8704K, reserved 1056768K
  class space    used 910K, capacity 944K, committed 1024K, reserved 1048576K

